<?xml version="1.0" encoding="UTF-8"?>
<testng-results skipped="0" failed="0" ignored="0" total="2" passed="2">
  <reporter-output>
  </reporter-output>
  <suite name="Suite" duration-ms="20097" started-at="2019-09-25T07:01:36Z" finished-at="2019-09-25T07:01:56Z">
    <groups>
    </groups>
    <test name="Test" duration-ms="20097" started-at="2019-09-25T07:01:36Z" finished-at="2019-09-25T07:01:56Z">
      <class name="HMRGID.HMRAID.HMRTest">
        <test-method status="PASS" signature="beforeMethod(java.lang.String)[pri:0, instance:HMRGID.HMRAID.HMRTest@acaea5]" name="beforeMethod" is-config="true" duration-ms="5820" started-at="2019-09-25T07:01:36Z" finished-at="2019-09-25T07:01:42Z">
          <params>
            <param index="0">
              <value>
                <![CDATA[ff]]>
              </value>
            </param>
          </params>
          <reporter-output>
          </reporter-output>
        </test-method> <!-- beforeMethod -->
        <test-method status="PASS" signature="Tc_1()[pri:0, instance:HMRGID.HMRAID.HMRTest@acaea5]" name="Tc_1" duration-ms="1305" started-at="2019-09-25T07:01:42Z" finished-at="2019-09-25T07:01:43Z">
          <reporter-output>
          </reporter-output>
        </test-method> <!-- Tc_1 -->
        <test-method status="PASS" signature="afterMethod()[pri:0, instance:HMRGID.HMRAID.HMRTest@acaea5]" name="afterMethod" is-config="true" duration-ms="3027" started-at="2019-09-25T07:01:43Z" finished-at="2019-09-25T07:01:46Z">
          <reporter-output>
          </reporter-output>
        </test-method> <!-- afterMethod -->
        <test-method status="PASS" signature="beforeMethod(java.lang.String)[pri:0, instance:HMRGID.HMRAID.HMRTest@acaea5]" name="beforeMethod" is-config="true" duration-ms="5602" started-at="2019-09-25T07:01:46Z" finished-at="2019-09-25T07:01:52Z">
          <params>
            <param index="0">
              <value>
                <![CDATA[ff]]>
              </value>
            </param>
          </params>
          <reporter-output>
          </reporter-output>
        </test-method> <!-- beforeMethod -->
        <test-method status="PASS" signature="Tc_2()[pri:0, instance:HMRGID.HMRAID.HMRTest@acaea5]" name="Tc_2" duration-ms="365" started-at="2019-09-25T07:01:52Z" finished-at="2019-09-25T07:01:52Z">
          <reporter-output>
          </reporter-output>
        </test-method> <!-- Tc_2 -->
        <test-method status="PASS" signature="afterMethod()[pri:0, instance:HMRGID.HMRAID.HMRTest@acaea5]" name="afterMethod" is-config="true" duration-ms="3943" started-at="2019-09-25T07:01:52Z" finished-at="2019-09-25T07:01:56Z">
          <reporter-output>
          </reporter-output>
        </test-method> <!-- afterMethod -->
      </class> <!-- HMRGID.HMRAID.HMRTest -->
    </test> <!-- Test -->
  </suite> <!-- Suite -->
</testng-results>
